{
  "stats": {
    "suites": 1,
    "tests": 1,
    "passes": 1,
    "pending": 0,
    "failures": 0,
    "start": "2021-12-08T22:09:23.931Z",
    "end": "2021-12-08T22:09:38.036Z",
    "duration": 14105,
    "testsRegistered": 1,
    "passPercent": 100,
    "pendingPercent": 0,
    "other": 0,
    "hasOther": false,
    "skipped": 0,
    "hasSkipped": false
  },
  "results": [
    {
      "uuid": "525e5724-9b8a-45f3-a8f7-7dc10b936b07",
      "title": "",
      "fullFile": "cypress/integration/cadastro.spec.js",
      "file": "cypress/integration/cadastro.spec.js",
      "beforeHooks": [],
      "afterHooks": [],
      "tests": [],
      "suites": [
        {
          "uuid": "63a55d52-ca9c-474e-bfa2-c9a283578f7f",
          "title": "Cadastro",
          "fullFile": "",
          "file": "",
          "beforeHooks": [],
          "afterHooks": [],
          "tests": [
            {
              "title": "Quando eu informar os dados e finalizar, então o cadastro deve ser efetuado",
              "fullTitle": "Cadastro Quando eu informar os dados e finalizar, então o cadastro deve ser efetuado",
              "timedOut": null,
              "duration": 11569,
              "state": "passed",
              "speed": "slow",
              "pass": true,
              "fail": false,
              "pending": false,
              "context": null,
              "code": "cy.visit('http://automationpractice.com/index.php?controller=authentication&back=my-account');\ncy.get('#email_create').type(chance.email());\ncy.get('button#SubmitCreate').click();\ncy.url('contain', 'account-creation');\ncy.get('#id_gender1').check();\ncy.get('#customer_firstname').type(chance.first());\ncy.get('#customer_lastname').type(chance.last());\ncy.get('#passwd').type(chance.word({\n  length: 5\n}));\ncy.get('#days').select('7');\ncy.get('#months').select('August');\ncy.get('#years').select('1987');\ncy.get('#newsletter').check();\ncy.get('#optin').check();\ncy.get('#firstname').type(chance.first());\ncy.get('#lastname').type(chance.last());\ncy.get('#company').type(chance.last());\ncy.get('#address1').type(chance.address());\ncy.get('#address2').type(chance.areacode());\ncy.get('#id_country').select('21');\ncy.get('#city').type(chance.city());\ncy.get('#postcode').type(chance.zip());\ncy.get('select#id_state').select('Florida', {\n  force: true\n});\ncy.get('#other').type(chance.sentence());\ncy.get('#phone').type(chance.phone());\ncy.get('#phone_mobile').type(chance.phone());\ncy.get('#alias').type(chance.address());\ncy.get('#submitAccount').click();\ncy.url('contain', 'my-account');",
              "err": {},
              "uuid": "02663df7-1da5-46cd-ab1c-4ed848d62cea",
              "parentUUID": "63a55d52-ca9c-474e-bfa2-c9a283578f7f",
              "isHook": false,
              "skipped": false
            }
          ],
          "suites": [],
          "passes": [
            "02663df7-1da5-46cd-ab1c-4ed848d62cea"
          ],
          "failures": [],
          "pending": [],
          "skipped": [],
          "duration": 11569,
          "root": false,
          "rootEmpty": false,
          "_timeout": 2000
        }
      ],
      "passes": [],
      "failures": [],
      "pending": [],
      "skipped": [],
      "duration": 0,
      "root": true,
      "rootEmpty": true,
      "_timeout": 2000
    }
  ],
  "meta": {
    "mocha": {
      "version": "7.0.1"
    },
    "mochawesome": {
      "options": {
        "quiet": true,
        "reportFilename": "mochawesome",
        "saveHtml": false,
        "saveJson": true,
        "consoleReporter": "spec",
        "useInlineDiffs": false,
        "code": true
      },
      "version": "6.3.1"
    },
    "marge": {
      "options": {
        "id": "default",
        "reporterDir": "mochawesome-report",
        "quiet": true,
        "overwrite": false,
        "html": false,
        "json": true
      },
      "version": "5.2.0"
    }
  }
}